[debug] [2021-04-13T14:15:46.935Z] ----------------------------------------------------------------------
[debug] [2021-04-13T14:15:46.937Z] Command:       C:\Program Files\nodejs\node.exe C:\Users\Kishore.n\AppData\Roaming\npm\node_modules\firebase-tools\lib\bin\firebase.js init
[debug] [2021-04-13T14:15:46.938Z] CLI Version:   9.9.0
[debug] [2021-04-13T14:15:46.938Z] Platform:      win32
[debug] [2021-04-13T14:15:46.938Z] Node Version:  v12.18.3
[debug] [2021-04-13T14:15:46.941Z] Time:          Tue Apr 13 2021 10:15:46 GMT-0400 (Eastern Daylight Time)
[debug] [2021-04-13T14:15:46.941Z] ----------------------------------------------------------------------
[debug] 
[debug] [2021-04-13T14:15:46.954Z] > command requires scopes: ["email","openid","https://www.googleapis.com/auth/cloudplatformprojects.readonly","https://www.googleapis.com/auth/firebase","https://www.googleapis.com/auth/cloud-platform"]
[debug] [2021-04-13T14:15:46.955Z] > authorizing via signed-in user (clintonjohn6398@gmail.com)
[info] 
     ######## #### ########  ######## ########     ###     ######  ########
     ##        ##  ##     ## ##       ##     ##  ##   ##  ##       ##
     ######    ##  ########  ######   ########  #########  ######  ######
     ##        ##  ##    ##  ##       ##     ## ##     ##       ## ##
     ##       #### ##     ## ######## ########  ##     ##  ######  ########

You're about to initialize a Firebase project in this directory:

  C:\Users\Kishore.n\Desktop\Learn\Vue\Todos-App

[info] 
=== Project Setup
[info] 
[info] First, let's associate this project directory with a Firebase project.
[info] You can create multiple project aliases by running firebase use --add, 
[info] but for now we'll just set up a default project.
[info] 
[debug] [2021-04-13T14:16:27.006Z] >>> [apiv2][query] GET https://firebase.googleapis.com/v1beta1/projects pageSize=100
[debug] [2021-04-13T14:16:27.600Z] <<< [apiv2][status] GET https://firebase.googleapis.com/v1beta1/projects 200
[debug] [2021-04-13T14:16:27.600Z] <<< [apiv2][body] GET https://firebase.googleapis.com/v1beta1/projects [omitted]
[info] i  Using project todosapp-30d2c (TodosApp) 
[info] 
=== Hosting Setup
[info] 
[info] Your public directory is the folder (relative to your project directory) that
[info] will contain Hosting assets to be uploaded with firebase deploy. If you
[info] have a build process for your assets, use your build's output directory.
[info] 
[debug] [2021-04-13T14:17:10.965Z] >>> [apiv2][query] GET https://www.gstatic.com/firebasejs/releases.json [none]
[debug] [2021-04-13T14:17:11.039Z] <<< [apiv2][status] GET https://www.gstatic.com/firebasejs/releases.json 200
[debug] [2021-04-13T14:17:11.039Z] <<< [apiv2][body] GET https://www.gstatic.com/firebasejs/releases.json {"current":{"version":"8.4.1","browserURL":"https://www.gstatic.com/firebasejs/8.4.1/firebase.js","packageURL":"https://www.gstatic.com/firebasejs/8.4.1/firebase.tgz"},"live":{"version":"8.4","browserURL":"https://www.gstatic.com/firebasejs/live/8.4/firebase.js","packageURL":"https://www.gstatic.com/firebasejs/live/8.4/firebase.tgz"},"components":{"analytics":"https://www.gstatic.com/firebasejs/8.4.1/firebase-analytics.js","app":"https://www.gstatic.com/firebasejs/8.4.1/firebase-app.js","auth":"https://www.gstatic.com/firebasejs/8.4.1/firebase-auth.js","database":"https://www.gstatic.com/firebasejs/8.4.1/firebase-database.js","firestore":"https://www.gstatic.com/firebasejs/8.4.1/firebase-firestore.js","functions":"https://www.gstatic.com/firebasejs/8.4.1/firebase-functions.js","installations":"https://www.gstatic.com/firebasejs/8.4.1/firebase-installations.js","messaging":"https://www.gstatic.com/firebasejs/8.4.1/firebase-messaging.js","storage":"https://www.gstatic.com/firebasejs/8.4.1/firebase-storage.js","performance":"https://www.gstatic.com/firebasejs/8.4.1/firebase-performance.js","remote-config":"https://www.gstatic.com/firebasejs/8.4.1/firebase-remote-config.js","firestore.memory":"https://www.gstatic.com/firebasejs/8.4.1/firebase-firestore.memory.js"}}
[info] +  Wrote dist/index.html 
[info] 
[info] i  Didn't detect a .git folder. Assuming C:\Users\Kishore.n\Desktop\Learn\Vue\Todos-App is the project root. 
[info] i  Authorizing with GitHub to upload your service account to a GitHub repository's secrets store. 
[info] 
[info] Visit this URL on this device to log in:
[info] https://github.com/login/oauth/authorize?client_id=89cf50f02ac6aaed3484&state=161409012&redirect_uri=http%3A%2F%2Flocalhost%3A9005&scope=read%3Auser%20repo%20public_repo
[info] 
[info] Waiting for authentication...
[debug] [2021-04-13T14:17:30.448Z] >>> HTTP REQUEST POST https://github.com/login/oauth/access_token  
 {"client_id":"89cf50f02ac6aaed3484","client_secret":"3330d14abc895d9a74d5f17cd7a00711fa2c5bf0","code":"033e3b9210ae934b4ea3","redirect_uri":"http://localhost:9005","state":"161409012"}
[debug] [2021-04-13T14:17:30.829Z] <<< HTTP RESPONSE 200 {"server":"GitHub.com","date":"Tue, 13 Apr 2021 14:17:30 GMT","content-type":"application/json; charset=utf-8","transfer-encoding":"chunked","vary":"X-PJAX, Accept-Encoding, Accept, X-Requested-With","etag":"W/\"0ec9fa3b2ea90bfcbf603f6774b52f3a\"","cache-control":"max-age=0, private, must-revalidate","strict-transport-security":"max-age=31536000; includeSubdomains; preload","x-frame-options":"deny","x-content-type-options":"nosniff","x-xss-protection":"0","referrer-policy":"origin-when-cross-origin, strict-origin-when-cross-origin","expect-ct":"max-age=2592000, report-uri=\"https://api.github.com/_private/browser/errors\"","content-security-policy":"default-src 'none'; base-uri 'self'; block-all-mixed-content; connect-src 'self' uploads.github.com www.githubstatus.com collector.githubapp.com api.github.com github-cloud.s3.amazonaws.com github-production-repository-file-5c1aeb.s3.amazonaws.com github-production-upload-manifest-file-7fdce7.s3.amazonaws.com github-production-user-asset-6210df.s3.amazonaws.com cdn.optimizely.com logx.optimizely.com/v1/events wss://alive.github.com; font-src github.githubassets.com; form-action 'self' github.com gist.github.com; frame-ancestors 'none'; frame-src render.githubusercontent.com; img-src 'self' data: github.githubassets.com identicons.github.com collector.githubapp.com github-cloud.s3.amazonaws.com secured-user-images.githubusercontent.com/ *.githubusercontent.com; manifest-src 'self'; media-src 'none'; script-src github.githubassets.com; style-src 'unsafe-inline' github.githubassets.com; worker-src github.com/socket-worker-3f088aa2.js gist.github.com/socket-worker-3f088aa2.js","x-github-request-id":"E711:0C80:4155B3:475105:6075A7FA"}
[debug] [2021-04-13T14:17:30.835Z] >>> [apiv2][query] GET https://api.github.com/user [none]
[debug] [2021-04-13T14:17:31.387Z] <<< [apiv2][status] GET https://api.github.com/user 200
[debug] [2021-04-13T14:17:31.388Z] <<< [apiv2][body] GET https://api.github.com/user {"login":"kishore-6398","id":81747570,"node_id":"MDQ6VXNlcjgxNzQ3NTcw","avatar_url":"https://avatars.githubusercontent.com/u/81747570?v=4","gravatar_id":"","url":"https://api.github.com/users/kishore-6398","html_url":"https://github.com/kishore-6398","followers_url":"https://api.github.com/users/kishore-6398/followers","following_url":"https://api.github.com/users/kishore-6398/following{/other_user}","gists_url":"https://api.github.com/users/kishore-6398/gists{/gist_id}","starred_url":"https://api.github.com/users/kishore-6398/starred{/owner}{/repo}","subscriptions_url":"https://api.github.com/users/kishore-6398/subscriptions","organizations_url":"https://api.github.com/users/kishore-6398/orgs","repos_url":"https://api.github.com/users/kishore-6398/repos","events_url":"https://api.github.com/users/kishore-6398/events{/privacy}","received_events_url":"https://api.github.com/users/kishore-6398/received_events","type":"User","site_admin":false,"name":null,"company":null,"blog":"","location":null,"email":null,"hireable":null,"bio":null,"twitter_username":null,"public_repos":1,"public_gists":0,"followers":0,"following":0,"created_at":"2021-04-01T09:29:04Z","updated_at":"2021-04-13T14:17:29Z","private_gists":0,"total_private_repos":1,"owned_private_repos":1,"disk_usage":1081,"collaborators":0,"two_factor_authentication":false,"plan":{"name":"free","space":976562499,"collaborators":0,"private_repos":10000}}
[info] 
[info] +  Success! Logged into GitHub as kishore-6398 
[info] 
